C:\Ding\FreeBody-master\Model v2\Debug\cl.command.1.tlog
C:\Ding\FreeBody-master\Model v2\Debug\CL.read.1.tlog
C:\Ding\FreeBody-master\Model v2\Debug\CL.write.1.tlog
C:\DING\FREEBODY-MASTER\MODEL V2\DEBUG\IO_DATAINPUT.OBJ
C:\DING\FREEBODY-MASTER\MODEL V2\DEBUG\IO_DATAOUTPUT.OBJ
C:\DING\FREEBODY-MASTER\MODEL V2\DEBUG\IO_INOP.OBJ
C:\DING\FREEBODY-MASTER\MODEL V2\DEBUG\IO_OUTOP.OBJ
C:\DING\FREEBODY-MASTER\MODEL V2\DEBUG\KIN_CARDAN.OBJ
C:\DING\FREEBODY-MASTER\MODEL V2\DEBUG\KIN_COMPARE_VEC.OBJ
C:\DING\FREEBODY-MASTER\MODEL V2\DEBUG\KIN_CROSSDISP.OBJ
C:\DING\FREEBODY-MASTER\MODEL V2\DEBUG\KIN_DIST_2_LINES.OBJ
C:\DING\FREEBODY-MASTER\MODEL V2\DEBUG\KIN_DIST_POINT_LINE.OBJ
C:\DING\FREEBODY-MASTER\MODEL V2\DEBUG\KIN_DISTPNTS.OBJ
C:\DING\FREEBODY-MASTER\MODEL V2\DEBUG\KIN_LINE_LINE_INTERSECT.OBJ
C:\DING\FREEBODY-MASTER\MODEL V2\DEBUG\KIN_MARKCALC.OBJ
C:\DING\FREEBODY-MASTER\MODEL V2\DEBUG\KIN_PERP_POINT_ON_LINE.OBJ
C:\DING\FREEBODY-MASTER\MODEL V2\DEBUG\KIN_QCALC.OBJ
C:\DING\FREEBODY-MASTER\MODEL V2\DEBUG\KIN_QDOT.OBJ
C:\DING\FREEBODY-MASTER\MODEL V2\DEBUG\KIN_QROTATE.OBJ
C:\DING\FREEBODY-MASTER\MODEL V2\DEBUG\KIN_RMATCALC.OBJ
C:\DING\FREEBODY-MASTER\MODEL V2\DEBUG\M01_00_DATA_INPUT.OBJ
C:\DING\FREEBODY-MASTER\MODEL V2\DEBUG\M01_01_DANS_DATA_INPUT.OBJ
C:\DING\FREEBODY-MASTER\MODEL V2\DEBUG\M01_01_MAPCOORD.OBJ
C:\DING\FREEBODY-MASTER\MODEL V2\DEBUG\M01_02_DANS_CALIBRATION_DATA.OBJ
C:\DING\FREEBODY-MASTER\MODEL V2\DEBUG\M01_03_SAVE_RAW_POSITIONS.OBJ
C:\DING\FREEBODY-MASTER\MODEL V2\DEBUG\M02_00_CREATE_SEGMENTS.OBJ
C:\DING\FREEBODY-MASTER\MODEL V2\DEBUG\M02_01_PICK_MODEL.OBJ
C:\DING\FREEBODY-MASTER\MODEL V2\DEBUG\M02_02_MAKE_LCS.OBJ
C:\DING\FREEBODY-MASTER\MODEL V2\DEBUG\M02_03_01_CALC_SEG_POS_VECTORS.OBJ
C:\DING\FREEBODY-MASTER\MODEL V2\DEBUG\M02_03_HORSMAN_LANDMARKS.OBJ
C:\DING\FREEBODY-MASTER\MODEL V2\DEBUG\M02_04_01_SCALING.OBJ
C:\DING\FREEBODY-MASTER\MODEL V2\DEBUG\M02_04_INPUT_LANDMARKS.OBJ
C:\DING\FREEBODY-MASTER\MODEL V2\DEBUG\M02_05_01_JOINT_FLEXION.OBJ
C:\DING\FREEBODY-MASTER\MODEL V2\DEBUG\M02_05_02_PATELLA_PERF_PARAMETERS.OBJ
C:\DING\FREEBODY-MASTER\MODEL V2\DEBUG\M02_05_03_PATELLA_CONTACT.OBJ
C:\DING\FREEBODY-MASTER\MODEL V2\DEBUG\M02_05_PATELLA_SEGMENT.OBJ
C:\DING\FREEBODY-MASTER\MODEL V2\DEBUG\M02_07_TF_CONTACT.OBJ
C:\DING\FREEBODY-MASTER\MODEL V2\DEBUG\M02_10_DEFINE_ROTATION_CENTRES.OBJ
C:\DING\FREEBODY-MASTER\MODEL V2\DEBUG\M03_00_CALCULATE_KINEMATICS.OBJ
C:\DING\FREEBODY-MASTER\MODEL V2\DEBUG\M03_00_SET_ANTH.OBJ
C:\DING\FREEBODY-MASTER\MODEL V2\DEBUG\M03_01_DIFF_Q.OBJ
C:\DING\FREEBODY-MASTER\MODEL V2\DEBUG\M03_02_CALC_ANGULAR_QUANTITIES.OBJ
C:\DING\FREEBODY-MASTER\MODEL V2\DEBUG\M03_04_CALC_LINEAR_QUANTITIES.OBJ
C:\DING\FREEBODY-MASTER\MODEL V2\DEBUG\M03_05_DIFF_ORIGIN.OBJ
C:\DING\FREEBODY-MASTER\MODEL V2\DEBUG\M04_00_INVERSE_DYNAMICS.OBJ
C:\DING\FREEBODY-MASTER\MODEL V2\DEBUG\M05_00_MUSCLE_MODEL.OBJ
C:\DING\FREEBODY-MASTER\MODEL V2\DEBUG\M05_01_01_INITIALIZE_ALL_MUSCLES.OBJ
C:\DING\FREEBODY-MASTER\MODEL V2\DEBUG\M05_01_02_INITIALIZE_GENERIC_QUAD.OBJ
C:\DING\FREEBODY-MASTER\MODEL V2\DEBUG\M05_01_PICK_MUSCLE_MODEL.OBJ
C:\DING\FREEBODY-MASTER\MODEL V2\DEBUG\M05_02_HORSMAN_MUSCLE_MODEL.OBJ
C:\DING\FREEBODY-MASTER\MODEL V2\DEBUG\M05_03_PATELLA_RATIOS.OBJ
C:\DING\FREEBODY-MASTER\MODEL V2\DEBUG\M05_04_WRAP_CYLINDER.OBJ
C:\DING\FREEBODY-MASTER\MODEL V2\DEBUG\M06_00_OUTPUT_DATA.OBJ
C:\DING\FREEBODY-MASTER\MODEL V2\DEBUG\M06_01_OUTPUT_KINEMATICS.OBJ
C:\DING\FREEBODY-MASTER\MODEL V2\DEBUG\M06_03_OUTPUT_OPT_VALUES_3.OBJ
C:\DING\FREEBODY-MASTER\MODEL V2\DEBUG\M06_04_OUTPUT_MUSCLE_GEOMETRY.OBJ
C:\DING\FREEBODY-MASTER\MODEL V2\DEBUG\M06_05_OUTPUT_BONY_GEOMETRY.OBJ
C:\DING\FREEBODY-MASTER\MODEL V2\DEBUG\MATH_CROSSPRD.OBJ
C:\DING\FREEBODY-MASTER\MODEL V2\DEBUG\MATH_DERIV.OBJ
C:\DING\FREEBODY-MASTER\MODEL V2\DEBUG\MATH_DET2.OBJ
C:\DING\FREEBODY-MASTER\MODEL V2\DEBUG\MATH_DET3.OBJ
C:\DING\FREEBODY-MASTER\MODEL V2\DEBUG\MATH_DOTPRD.OBJ
C:\DING\FREEBODY-MASTER\MODEL V2\DEBUG\MATH_MAX.OBJ
C:\DING\FREEBODY-MASTER\MODEL V2\DEBUG\MATH_MXMPLY.OBJ
C:\DING\FREEBODY-MASTER\MODEL V2\DEBUG\MATH_QCON.OBJ
C:\DING\FREEBODY-MASTER\MODEL V2\DEBUG\MATH_QMPLY.OBJ
C:\DING\FREEBODY-MASTER\MODEL V2\DEBUG\MATH_QNORM.OBJ
C:\DING\FREEBODY-MASTER\MODEL V2\DEBUG\MATH_QNORMALISE.OBJ
C:\DING\FREEBODY-MASTER\MODEL V2\DEBUG\MATH_SKEW_VEC_TO_MATRIX.OBJ
C:\DING\FREEBODY-MASTER\MODEL V2\DEBUG\MATH_TRACE.OBJ
C:\DING\FREEBODY-MASTER\MODEL V2\DEBUG\MATH_TRANSPOSE.OBJ
C:\DING\FREEBODY-MASTER\MODEL V2\DEBUG\MATH_VECMAG.OBJ
C:\DING\FREEBODY-MASTER\MODEL V2\DEBUG\MATH_VECNORM.OBJ
C:\DING\FREEBODY-MASTER\MODEL V2\DEBUG\MATH_ZEROMATRIX.OBJ
C:\DING\FREEBODY-MASTER\MODEL V2\DEBUG\MODEL V2.OBJ
C:\DING\FREEBODY-MASTER\MODEL V2\DEBUG\MODEL V2.PCH
C:\DING\FREEBODY-MASTER\MODEL V2\DEBUG\MUS_LCS_TO_GCS.OBJ
C:\DING\FREEBODY-MASTER\MODEL V2\DEBUG\MUS_LENGTH.OBJ
C:\DING\FREEBODY-MASTER\MODEL V2\DEBUG\MUS_LENGTH_CHANGE.OBJ
C:\DING\FREEBODY-MASTER\MODEL V2\DEBUG\MUS_OPT_PT_2.OBJ
C:\DING\FREEBODY-MASTER\MODEL V2\DEBUG\MUS_OPT_VALUES_2.OBJ
C:\DING\FREEBODY-MASTER\MODEL V2\DEBUG\MUS_UPPER_BOUND.OBJ
C:\DING\FREEBODY-MASTER\MODEL V2\DEBUG\MUS_WRAPPING.OBJ
C:\DING\FREEBODY-MASTER\MODEL V2\DEBUG\PYTHAG.OBJ
C:\DING\FREEBODY-MASTER\MODEL V2\DEBUG\READDATA.OBJ
C:\DING\FREEBODY-MASTER\MODEL V2\DEBUG\SEG_ACCN_POINT_ON_SEG.OBJ
C:\DING\FREEBODY-MASTER\MODEL V2\DEBUG\SEG_ALPHA.OBJ
C:\DING\FREEBODY-MASTER\MODEL V2\DEBUG\SEG_CALCULATE_TRANSF_CAL_TO_GCS.OBJ
C:\DING\FREEBODY-MASTER\MODEL V2\DEBUG\SEG_CALCULATE_TRANSF_LCS_TO_GCS.OBJ
C:\DING\FREEBODY-MASTER\MODEL V2\DEBUG\SEG_OMEGA.OBJ
C:\DING\FREEBODY-MASTER\MODEL V2\DEBUG\SEG_ORIGINDOT.OBJ
C:\DING\FREEBODY-MASTER\MODEL V2\DEBUG\SEG_ORIGINDOTDOT.OBJ
C:\DING\FREEBODY-MASTER\MODEL V2\DEBUG\SEG_POS_POINT_ON_SEG.OBJ
C:\DING\FREEBODY-MASTER\MODEL V2\DEBUG\SEG_QDOT.OBJ
C:\DING\FREEBODY-MASTER\MODEL V2\DEBUG\SEG_QDOTDOT.OBJ
C:\DING\FREEBODY-MASTER\MODEL V2\DEBUG\SEG_ROT_TO_GCS.OBJ
C:\DING\FREEBODY-MASTER\MODEL V2\DEBUG\SEG_SOLVE_WRENCH_EQNS.OBJ
C:\DING\FREEBODY-MASTER\MODEL V2\DEBUG\SEG_VEL_POINT_ON_SEG.OBJ
C:\DING\FREEBODY-MASTER\MODEL V2\DEBUG\SEGMENT.OBJ
C:\DING\FREEBODY-MASTER\MODEL V2\DEBUG\STDAFX.OBJ
C:\DING\FREEBODY-MASTER\MODEL V2\DEBUG\STRUC_POS_POINT_IN_CALIB.OBJ
C:\DING\FREEBODY-MASTER\MODEL V2\DEBUG\STRUC_POS_POINT_IN_LCS.OBJ
C:\DING\FREEBODY-MASTER\MODEL V2\DEBUG\STRUC_ROT_HORS_TO_LCS.OBJ
C:\DING\FREEBODY-MASTER\MODEL V2\DEBUG\STRUCTURE.OBJ
C:\DING\FREEBODY-MASTER\MODEL V2\DEBUG\SVBKSB.OBJ
C:\DING\FREEBODY-MASTER\MODEL V2\DEBUG\SVDCMP.OBJ
C:\DING\FREEBODY-MASTER\MODEL V2\DEBUG\TQLI.OBJ
C:\DING\FREEBODY-MASTER\MODEL V2\DEBUG\TRED2.OBJ
C:\Ding\FreeBody-master\Model v2\Debug\vc100.idb
C:\DING\FREEBODY-MASTER\MODEL V2\DEBUG\VC100.PDB
C:\DING\FREEBODY-MASTER\MODEL V2\DEBUG\WRITEDATA.OBJ
