D:\FREEBODY-MASTER\MODEL V2\RELEASE\FREEBODY 1.1.PCH
D:\FREEBODY-MASTER\MODEL V2\RELEASE\STDAFX.OBJ
D:\FREEBODY-MASTER\MODEL V2\RELEASE\VC110.PDB
D:\FREEBODY-MASTER\MODEL V2\RELEASE\M02_07_TF_CONTACT.OBJ
D:\FREEBODY-MASTER\MODEL V2\RELEASE\M02_05_PATELLA_SEGMENT.OBJ
D:\FREEBODY-MASTER\MODEL V2\RELEASE\M02_05_03_PATELLA_CONTACT.OBJ
D:\FREEBODY-MASTER\MODEL V2\RELEASE\M02_05_02_PATELLA_PERF_PARAMETERS.OBJ
D:\FREEBODY-MASTER\MODEL V2\RELEASE\M02_05_01_JOINT_FLEXION.OBJ
D:\FREEBODY-MASTER\MODEL V2\RELEASE\M02_04_01_SCALING.OBJ
D:\FREEBODY-MASTER\MODEL V2\RELEASE\M02_03_01_CALC_SEG_POS_VECTORS.OBJ
D:\FREEBODY-MASTER\MODEL V2\RELEASE\KIN_PERP_POINT_ON_LINE.OBJ
D:\FREEBODY-MASTER\MODEL V2\RELEASE\KIN_LINE_LINE_INTERSECT.OBJ
D:\FREEBODY-MASTER\MODEL V2\RELEASE\KIN_DIST_POINT_LINE.OBJ
D:\FREEBODY-MASTER\MODEL V2\RELEASE\KIN_DIST_2_LINES.OBJ
D:\FREEBODY-MASTER\MODEL V2\RELEASE\KIN_COMPARE_VEC.OBJ
D:\FREEBODY-MASTER\MODEL V2\RELEASE\KIN_CARDAN.OBJ
D:\FREEBODY-MASTER\MODEL V2\RELEASE\XML_ANATOMY_DATASET_PARAMETERS.OBJ
D:\FREEBODY-MASTER\MODEL V2\RELEASE\M06_08_OUTPUT_REF_COORD.OBJ
D:\FREEBODY-MASTER\MODEL V2\RELEASE\M06_07_OUTPUT_MARKER.OBJ
D:\FREEBODY-MASTER\MODEL V2\RELEASE\M01_05_CAL_DIRECTION.OBJ
D:\FREEBODY-MASTER\MODEL V2\RELEASE\M01_04_CAL_ORIENTATION.OBJ
D:\FREEBODY-MASTER\MODEL V2\RELEASE\M06_06_OUTPUT_SEGMENT_LCS.OBJ
D:\FREEBODY-MASTER\MODEL V2\RELEASE\M06_02_OUTPUT_INVERSE_DYNAMICS_VALUES.OBJ
D:\FREEBODY-MASTER\MODEL V2\RELEASE\MUS_LENGTH.OBJ
D:\FREEBODY-MASTER\MODEL V2\RELEASE\MODEL V2.OBJ
D:\FREEBODY-MASTER\MODEL V2\RELEASE\MATH_QNORMALISE.OBJ
D:\FREEBODY-MASTER\MODEL V2\RELEASE\MATH_QNORM.OBJ
D:\FREEBODY-MASTER\MODEL V2\RELEASE\MATH_MAX.OBJ
D:\FREEBODY-MASTER\MODEL V2\RELEASE\MATH_DOTPRD.OBJ
D:\FREEBODY-MASTER\MODEL V2\RELEASE\MATH_DET3.OBJ
D:\FREEBODY-MASTER\MODEL V2\RELEASE\MATH_DET2.OBJ
D:\FREEBODY-MASTER\MODEL V2\RELEASE\M06_05_OUTPUT_BONY_GEOMETRY.OBJ
D:\FREEBODY-MASTER\MODEL V2\RELEASE\M06_04_OUTPUT_MUSCLE_GEOMETRY.OBJ
D:\FREEBODY-MASTER\MODEL V2\RELEASE\M06_03_OUTPUT_OPT_VALUES_3.OBJ
D:\FREEBODY-MASTER\MODEL V2\RELEASE\M06_01_OUTPUT_KINEMATICS.OBJ
D:\FREEBODY-MASTER\MODEL V2\RELEASE\M06_00_OUTPUT_DATA.OBJ
D:\FREEBODY-MASTER\MODEL V2\RELEASE\M05_04_WRAP_CYLINDER.OBJ
D:\FREEBODY-MASTER\MODEL V2\RELEASE\M05_03_PATELLA_RATIOS.OBJ
D:\FREEBODY-MASTER\MODEL V2\RELEASE\M05_02_HORSMAN_MUSCLE_MODEL.OBJ
D:\FREEBODY-MASTER\MODEL V2\RELEASE\M05_01_02_INITIALIZE_GENERIC_QUAD.OBJ
D:\FREEBODY-MASTER\MODEL V2\RELEASE\M05_01_01_INITIALIZE_ALL_MUSCLES.OBJ
D:\FREEBODY-MASTER\MODEL V2\RELEASE\M03_00_SET_ANTH.OBJ
D:\FREEBODY-MASTER\MODEL V2\RELEASE\M02_10_DEFINE_ROTATION_CENTRES.OBJ
D:\FREEBODY-MASTER\MODEL V2\RELEASE\MATH_MXMPLY.OBJ
D:\FREEBODY-MASTER\MODEL V2\RELEASE\MATH_DERIV.OBJ
D:\FREEBODY-MASTER\MODEL V2\RELEASE\MATH_CROSSPRD.OBJ
D:\FREEBODY-MASTER\MODEL V2\RELEASE\TRED2.OBJ
D:\FREEBODY-MASTER\MODEL V2\RELEASE\TQLI.OBJ
D:\FREEBODY-MASTER\MODEL V2\RELEASE\SVDCMP.OBJ
D:\FREEBODY-MASTER\MODEL V2\RELEASE\SVBKSB.OBJ
D:\FREEBODY-MASTER\MODEL V2\RELEASE\STRUC_ROT_HORS_TO_LCS.OBJ
D:\FREEBODY-MASTER\MODEL V2\RELEASE\STRUC_POS_POINT_IN_LCS.OBJ
D:\FREEBODY-MASTER\MODEL V2\RELEASE\STRUC_POS_POINT_IN_CALIB.OBJ
D:\FREEBODY-MASTER\MODEL V2\RELEASE\PYTHAG.OBJ
D:\FREEBODY-MASTER\MODEL V2\RELEASE\STRUCTURE.OBJ
D:\FREEBODY-MASTER\MODEL V2\RELEASE\KIN_VECROTATE.OBJ
D:\FREEBODY-MASTER\MODEL V2\RELEASE\MATH_LANDMARKMATRIX.OBJ
D:\FREEBODY-MASTER\MODEL V2\RELEASE\SEG_ROT_TO_GCS.OBJ
D:\FREEBODY-MASTER\MODEL V2\RELEASE\MUS_WRAPPING.OBJ
D:\FREEBODY-MASTER\MODEL V2\RELEASE\MUS_UPPER_BOUND.OBJ
D:\FREEBODY-MASTER\MODEL V2\RELEASE\MUS_OPT_VALUES_2.OBJ
D:\FREEBODY-MASTER\MODEL V2\RELEASE\MUS_OPT_PT_2.OBJ
D:\FREEBODY-MASTER\MODEL V2\RELEASE\MUS_LENGTH_CHANGE.OBJ
D:\FREEBODY-MASTER\MODEL V2\RELEASE\IO_DATAINPUT.OBJ
D:\FREEBODY-MASTER\MODEL V2\RELEASE\M02_03_HORSMAN_LANDMARKS.OBJ
D:\FREEBODY-MASTER\MODEL V2\RELEASE\M02_02_MAKE_LCS.OBJ
D:\FREEBODY-MASTER\MODEL V2\RELEASE\M02_01_PICK_MODEL.OBJ
D:\FREEBODY-MASTER\MODEL V2\RELEASE\M02_00_CREATE_SEGMENTS.OBJ
D:\FREEBODY-MASTER\MODEL V2\RELEASE\KIN_RMATCALC.OBJ
D:\FREEBODY-MASTER\MODEL V2\RELEASE\KIN_QROTATE.OBJ
D:\FREEBODY-MASTER\MODEL V2\RELEASE\KIN_QDOT.OBJ
D:\FREEBODY-MASTER\MODEL V2\RELEASE\KIN_QCALC.OBJ
D:\FREEBODY-MASTER\MODEL V2\RELEASE\KIN_MARKCALC.OBJ
D:\FREEBODY-MASTER\MODEL V2\RELEASE\KIN_DISTPNTS.OBJ
D:\FREEBODY-MASTER\MODEL V2\RELEASE\KIN_CROSSDISP.OBJ
D:\FREEBODY-MASTER\MODEL V2\RELEASE\MATH_ZEROMATRIX.OBJ
D:\FREEBODY-MASTER\MODEL V2\RELEASE\MATH_VECNORM.OBJ
D:\FREEBODY-MASTER\MODEL V2\RELEASE\MATH_VECMAG.OBJ
D:\FREEBODY-MASTER\MODEL V2\RELEASE\MATH_TRANSPOSE.OBJ
D:\FREEBODY-MASTER\MODEL V2\RELEASE\MATH_TRACE.OBJ
D:\FREEBODY-MASTER\MODEL V2\RELEASE\MATH_SKEW_VEC_TO_MATRIX.OBJ
D:\FREEBODY-MASTER\MODEL V2\RELEASE\MATH_QMPLY.OBJ
D:\FREEBODY-MASTER\MODEL V2\RELEASE\MATH_QCON.OBJ
D:\FREEBODY-MASTER\MODEL V2\RELEASE\SEG_QDOTDOT.OBJ
D:\FREEBODY-MASTER\MODEL V2\RELEASE\SEG_QDOT.OBJ
D:\FREEBODY-MASTER\MODEL V2\RELEASE\SEG_POS_POINT_ON_SEG.OBJ
D:\FREEBODY-MASTER\MODEL V2\RELEASE\SEG_ORIGINDOTDOT.OBJ
D:\FREEBODY-MASTER\MODEL V2\RELEASE\SEG_ORIGINDOT.OBJ
D:\FREEBODY-MASTER\MODEL V2\RELEASE\SEG_OMEGA.OBJ
D:\FREEBODY-MASTER\MODEL V2\RELEASE\SEG_CALCULATE_TRANSF_LCS_TO_GCS.OBJ
D:\FREEBODY-MASTER\MODEL V2\RELEASE\SEG_CALCULATE_TRANSF_CAL_TO_GCS.OBJ
D:\FREEBODY-MASTER\MODEL V2\RELEASE\SEG_ALPHA.OBJ
D:\FREEBODY-MASTER\MODEL V2\RELEASE\SEG_ACCN_POINT_ON_SEG.OBJ
D:\FREEBODY-MASTER\MODEL V2\RELEASE\M01_03_SAVE_RAW_POSITIONS.OBJ
D:\FREEBODY-MASTER\MODEL V2\RELEASE\M01_02_DANS_CALIBRATION_DATA.OBJ
D:\FREEBODY-MASTER\MODEL V2\RELEASE\M01_01_MAPCOORD.OBJ
D:\FREEBODY-MASTER\MODEL V2\RELEASE\M01_01_DANS_DATA_INPUT.OBJ
D:\FREEBODY-MASTER\MODEL V2\RELEASE\M01_00_DATA_INPUT.OBJ
D:\FREEBODY-MASTER\MODEL V2\RELEASE\WRITEDATA.OBJ
D:\FREEBODY-MASTER\MODEL V2\RELEASE\READDATA.OBJ
D:\FREEBODY-MASTER\MODEL V2\RELEASE\IO_OUTOP.OBJ
D:\FREEBODY-MASTER\MODEL V2\RELEASE\IO_INOP.OBJ
D:\FREEBODY-MASTER\MODEL V2\RELEASE\IO_DATAOUTPUT.OBJ
D:\FREEBODY-MASTER\MODEL V2\RELEASE\XML_PARAMETERS.OBJ
D:\FREEBODY-MASTER\MODEL V2\RELEASE\MUS_LCS_TO_GCS.OBJ
D:\FREEBODY-MASTER\MODEL V2\RELEASE\M05_01_PICK_MUSCLE_MODEL.OBJ
D:\FREEBODY-MASTER\MODEL V2\RELEASE\M05_00_MUSCLE_MODEL.OBJ
D:\FREEBODY-MASTER\MODEL V2\RELEASE\M04_00_INVERSE_DYNAMICS.OBJ
D:\FREEBODY-MASTER\MODEL V2\RELEASE\M03_05_DIFF_ORIGIN.OBJ
D:\FREEBODY-MASTER\MODEL V2\RELEASE\M03_04_CALC_LINEAR_QUANTITIES.OBJ
D:\FREEBODY-MASTER\MODEL V2\RELEASE\M03_02_CALC_ANGULAR_QUANTITIES.OBJ
D:\FREEBODY-MASTER\MODEL V2\RELEASE\M03_01_DIFF_Q.OBJ
D:\FREEBODY-MASTER\MODEL V2\RELEASE\M03_00_CALCULATE_KINEMATICS.OBJ
D:\FREEBODY-MASTER\MODEL V2\RELEASE\SEGMENT.OBJ
D:\FREEBODY-MASTER\MODEL V2\RELEASE\SEG_VEL_POINT_ON_SEG.OBJ
D:\FREEBODY-MASTER\MODEL V2\RELEASE\SEG_SOLVE_WRENCH_EQNS.OBJ
D:\FREEBODY-MASTER\RELEASE\FREEBODY 1.1.EXE
D:\FREEBODY-MASTER\RELEASE\FREEBODY 1.1.PDB
D:\FreeBody-master\Model v2\Release\io_datainput.obj
D:\FreeBody-master\Model v2\Release\io_dataoutput.obj
D:\FreeBody-master\Model v2\Release\io_inop.obj
D:\FreeBody-master\Model v2\Release\io_outop.obj
D:\FreeBody-master\Model v2\Release\kin_cardan.obj
D:\FreeBody-master\Model v2\Release\kin_compare_vec.obj
D:\FreeBody-master\Model v2\Release\kin_crossdisp.obj
D:\FreeBody-master\Model v2\Release\kin_distpnts.obj
D:\FreeBody-master\Model v2\Release\kin_dist_2_lines.obj
D:\FreeBody-master\Model v2\Release\kin_dist_point_line.obj
D:\FreeBody-master\Model v2\Release\kin_line_line_intersect.obj
D:\FreeBody-master\Model v2\Release\kin_markcalc.obj
D:\FreeBody-master\Model v2\Release\kin_perp_point_on_line.obj
D:\FreeBody-master\Model v2\Release\kin_qcalc.obj
D:\FreeBody-master\Model v2\Release\kin_qdot.obj
D:\FreeBody-master\Model v2\Release\kin_qrotate.obj
D:\FreeBody-master\Model v2\Release\kin_rmatcalc.obj
D:\FreeBody-master\Model v2\Release\kin_vecrotate.obj
D:\FreeBody-master\Model v2\Release\m01_00_data_input.obj
D:\FreeBody-master\Model v2\Release\m01_01_dans_data_input.obj
D:\FreeBody-master\Model v2\Release\m01_01_mapcoord.obj
D:\FreeBody-master\Model v2\Release\m01_02_dans_calibration_data.obj
D:\FreeBody-master\Model v2\Release\m01_03_save_raw_positions.obj
D:\FreeBody-master\Model v2\Release\m01_04_cal_orientation.obj
D:\FreeBody-master\Model v2\Release\m01_05_cal_direction.obj
D:\FreeBody-master\Model v2\Release\m02_00_create_segments.obj
D:\FreeBody-master\Model v2\Release\m02_01_pick_model.obj
D:\FreeBody-master\Model v2\Release\m02_02_make_lcs.obj
D:\FreeBody-master\Model v2\Release\m02_03_01_calc_seg_pos_vectors.obj
D:\FreeBody-master\Model v2\Release\m02_03_horsman_landmarks.obj
D:\FreeBody-master\Model v2\Release\m02_04_01_scaling.obj
D:\FreeBody-master\Model v2\Release\m02_05_01_joint_flexion.obj
D:\FreeBody-master\Model v2\Release\m02_05_02_patella_perf_parameters.obj
D:\FreeBody-master\Model v2\Release\m02_05_03_patella_contact.obj
D:\FreeBody-master\Model v2\Release\m02_05_patella_segment.obj
D:\FreeBody-master\Model v2\Release\m02_07_tf_contact.obj
D:\FreeBody-master\Model v2\Release\m02_10_define_rotation_centres.obj
D:\FreeBody-master\Model v2\Release\m03_00_calculate_kinematics.obj
D:\FreeBody-master\Model v2\Release\m03_00_set_anth.obj
D:\FreeBody-master\Model v2\Release\m03_01_diff_q.obj
D:\FreeBody-master\Model v2\Release\m03_02_calc_angular_quantities.obj
D:\FreeBody-master\Model v2\Release\m03_04_calc_linear_quantities.obj
D:\FreeBody-master\Model v2\Release\m03_05_diff_origin.obj
D:\FreeBody-master\Model v2\Release\m04_00_inverse_dynamics.obj
D:\FreeBody-master\Model v2\Release\m05_00_muscle_model.obj
D:\FreeBody-master\Model v2\Release\m05_01_01_initialize_all_muscles.obj
D:\FreeBody-master\Model v2\Release\m05_01_02_initialize_generic_quad.obj
D:\FreeBody-master\Model v2\Release\m05_01_pick_muscle_model.obj
D:\FreeBody-master\Model v2\Release\m05_02_horsman_muscle_model.obj
D:\FreeBody-master\Model v2\Release\m05_03_patella_ratios.obj
D:\FreeBody-master\Model v2\Release\m05_04_wrap_cylinder.obj
D:\FreeBody-master\Model v2\Release\m06_00_output_data.obj
D:\FreeBody-master\Model v2\Release\m06_01_output_kinematics.obj
D:\FreeBody-master\Model v2\Release\m06_02_output_inverse_dynamics_values.obj
D:\FreeBody-master\Model v2\Release\m06_03_output_opt_values_3.obj
D:\FreeBody-master\Model v2\Release\m06_04_output_muscle_geometry.obj
D:\FreeBody-master\Model v2\Release\m06_05_output_bony_geometry.obj
D:\FreeBody-master\Model v2\Release\m06_06_output_segment_lcs.obj
D:\FreeBody-master\Model v2\Release\m06_07_output_marker.obj
D:\FreeBody-master\Model v2\Release\m06_08_output_ref_coord.obj
D:\FreeBody-master\Model v2\Release\math_crossprd.obj
D:\FreeBody-master\Model v2\Release\math_deriv.obj
D:\FreeBody-master\Model v2\Release\math_det2.obj
D:\FreeBody-master\Model v2\Release\math_det3.obj
D:\FreeBody-master\Model v2\Release\math_dotprd.obj
D:\FreeBody-master\Model v2\Release\math_landmarkmatrix.obj
D:\FreeBody-master\Model v2\Release\math_max.obj
D:\FreeBody-master\Model v2\Release\math_mxmply.obj
D:\FreeBody-master\Model v2\Release\math_qcon.obj
D:\FreeBody-master\Model v2\Release\math_qmply.obj
D:\FreeBody-master\Model v2\Release\math_qnorm.obj
D:\FreeBody-master\Model v2\Release\math_qnormalise.obj
D:\FreeBody-master\Model v2\Release\math_skew_vec_to_matrix.obj
D:\FreeBody-master\Model v2\Release\math_trace.obj
D:\FreeBody-master\Model v2\Release\math_transpose.obj
D:\FreeBody-master\Model v2\Release\math_vecmag.obj
D:\FreeBody-master\Model v2\Release\math_vecnorm.obj
D:\FreeBody-master\Model v2\Release\math_zeromatrix.obj
D:\FreeBody-master\Model v2\Release\Model v2.obj
D:\FreeBody-master\Model v2\Release\mus_lcs_to_gcs.obj
D:\FreeBody-master\Model v2\Release\mus_length.obj
D:\FreeBody-master\Model v2\Release\mus_length_change.obj
D:\FreeBody-master\Model v2\Release\mus_opt_pt_2.obj
D:\FreeBody-master\Model v2\Release\mus_opt_values_2.obj
D:\FreeBody-master\Model v2\Release\mus_upper_bound.obj
D:\FreeBody-master\Model v2\Release\mus_wrapping.obj
D:\FreeBody-master\Model v2\Release\pythag.obj
D:\FreeBody-master\Model v2\Release\readdata.obj
D:\FreeBody-master\Model v2\Release\Segment.obj
D:\FreeBody-master\Model v2\Release\seg_accn_point_on_seg.obj
D:\FreeBody-master\Model v2\Release\seg_alpha.obj
D:\FreeBody-master\Model v2\Release\seg_calculate_transf_cal_to_gcs.obj
D:\FreeBody-master\Model v2\Release\seg_calculate_transf_lcs_to_gcs.obj
D:\FreeBody-master\Model v2\Release\seg_omega.obj
D:\FreeBody-master\Model v2\Release\seg_origindot.obj
D:\FreeBody-master\Model v2\Release\seg_origindotdot.obj
D:\FreeBody-master\Model v2\Release\seg_pos_point_on_seg.obj
D:\FreeBody-master\Model v2\Release\seg_qdot.obj
D:\FreeBody-master\Model v2\Release\seg_qdotdot.obj
D:\FreeBody-master\Model v2\Release\seg_rot_to_gcs.obj
D:\FreeBody-master\Model v2\Release\seg_solve_wrench_eqns.obj
D:\FreeBody-master\Model v2\Release\seg_vel_point_on_seg.obj
D:\FreeBody-master\Model v2\Release\stdafx.obj
D:\FreeBody-master\Model v2\Release\Structure.obj
D:\FreeBody-master\Model v2\Release\struc_pos_point_in_calib.obj
D:\FreeBody-master\Model v2\Release\struc_pos_point_in_lcs.obj
D:\FreeBody-master\Model v2\Release\struc_rot_hors_to_lcs.obj
D:\FreeBody-master\Model v2\Release\svbksb.obj
D:\FreeBody-master\Model v2\Release\svdcmp.obj
D:\FreeBody-master\Model v2\Release\tqli.obj
D:\FreeBody-master\Model v2\Release\tred2.obj
D:\FreeBody-master\Model v2\Release\writedata.obj
D:\FreeBody-master\Model v2\Release\XML_anatomy_dataset_parameters.obj
D:\FreeBody-master\Model v2\Release\XML_Parameters.obj
D:\FreeBody-master\Model v2\Release\cl.command.1.tlog
D:\FreeBody-master\Model v2\Release\CL.read.1.tlog
D:\FreeBody-master\Model v2\Release\CL.write.1.tlog
D:\FreeBody-master\Model v2\Release\link-cvtres.read.1.tlog
D:\FreeBody-master\Model v2\Release\link-cvtres.write.1.tlog
D:\FreeBody-master\Model v2\Release\link-rc.read.1.tlog
D:\FreeBody-master\Model v2\Release\link-rc.write.1.tlog
D:\FreeBody-master\Model v2\Release\link.command.1.tlog
D:\FreeBody-master\Model v2\Release\link.read.1.tlog
D:\FreeBody-master\Model v2\Release\link.read.2.tlog
D:\FreeBody-master\Model v2\Release\link.read.3.tlog
D:\FreeBody-master\Model v2\Release\link.write.1.tlog
D:\FreeBody-master\Model v2\Release\Freebody 1.1.pch
D:\FreeBody-master\Model v2\Release\vc110.pdb
D:\FreeBody-master\Release\Freebody 1.1.pdb
D:\FreeBody-master\Release\Freebody 1.1.exe
