c:\users\lr2214\documents\freebody-master\model v2\release\freebody 2.1.pch
c:\users\lr2214\documents\freebody-master\model v2\release\vc140.pdb
c:\users\lr2214\documents\freebody-master\model v2\release\stdafx.obj
c:\users\lr2214\documents\freebody-master\model v2\release\m02_05_patella_segment.obj
c:\users\lr2214\documents\freebody-master\model v2\release\m02_05_03_patella_contact.obj
c:\users\lr2214\documents\freebody-master\model v2\release\m02_05_02_patella_perf_parameters.obj
c:\users\lr2214\documents\freebody-master\model v2\release\m02_05_01_joint_flexion.obj
c:\users\lr2214\documents\freebody-master\model v2\release\m02_04_01_scaling.obj
c:\users\lr2214\documents\freebody-master\model v2\release\m02_03_01_calc_seg_pos_vectors.obj
c:\users\lr2214\documents\freebody-master\model v2\release\kin_perp_point_on_line.obj
c:\users\lr2214\documents\freebody-master\model v2\release\kin_line_line_intersect.obj
c:\users\lr2214\documents\freebody-master\model v2\release\kin_dist_point_line.obj
c:\users\lr2214\documents\freebody-master\model v2\release\kin_dist_2_lines.obj
c:\users\lr2214\documents\freebody-master\model v2\release\kin_compare_vec.obj
c:\users\lr2214\documents\freebody-master\model v2\release\kin_cardan.obj
c:\users\lr2214\documents\freebody-master\model v2\release\xml_anatomy_dataset_parameters.obj
c:\users\lr2214\documents\freebody-master\model v2\release\mus_length_velocity_factors.obj
c:\users\lr2214\documents\freebody-master\model v2\release\m06_08_output_ref_coord.obj
c:\users\lr2214\documents\freebody-master\model v2\release\m06_07_output_marker.obj
c:\users\lr2214\documents\freebody-master\model v2\release\m01_05_cal_direction.obj
c:\users\lr2214\documents\freebody-master\model v2\release\m01_04_cal_orientation.obj
c:\users\lr2214\documents\freebody-master\model v2\release\m06_06_output_segment_lcs.obj
c:\users\lr2214\documents\freebody-master\model v2\release\m06_02_output_inverse_dynamics_values.obj
c:\users\lr2214\documents\freebody-master\model v2\release\model v2.obj
c:\users\lr2214\documents\freebody-master\model v2\release\math_qnormalise.obj
c:\users\lr2214\documents\freebody-master\model v2\release\math_qnorm.obj
c:\users\lr2214\documents\freebody-master\model v2\release\math_max.obj
c:\users\lr2214\documents\freebody-master\model v2\release\math_dotprd.obj
c:\users\lr2214\documents\freebody-master\model v2\release\math_det3.obj
c:\users\lr2214\documents\freebody-master\model v2\release\math_det2.obj
c:\users\lr2214\documents\freebody-master\model v2\release\m06_05_output_bony_geometry.obj
c:\users\lr2214\documents\freebody-master\model v2\release\m06_04_output_muscle_geometry.obj
c:\users\lr2214\documents\freebody-master\model v2\release\m06_03_output_opt_values_3.obj
c:\users\lr2214\documents\freebody-master\model v2\release\m06_01_output_kinematics.obj
c:\users\lr2214\documents\freebody-master\model v2\release\m06_00_output_data.obj
c:\users\lr2214\documents\freebody-master\model v2\release\m05_04_wrap_cylinder.obj
c:\users\lr2214\documents\freebody-master\model v2\release\m05_03_patella_ratios.obj
c:\users\lr2214\documents\freebody-master\model v2\release\m05_02_horsman_muscle_model.obj
c:\users\lr2214\documents\freebody-master\model v2\release\m05_01_02_initialize_generic_quad.obj
c:\users\lr2214\documents\freebody-master\model v2\release\m05_01_01_initialize_all_muscles.obj
c:\users\lr2214\documents\freebody-master\model v2\release\m03_00_set_anth.obj
c:\users\lr2214\documents\freebody-master\model v2\release\m02_10_define_rotation_centres.obj
c:\users\lr2214\documents\freebody-master\model v2\release\m02_07_tf_contact.obj
c:\users\lr2214\documents\freebody-master\model v2\release\math_deriv.obj
c:\users\lr2214\documents\freebody-master\model v2\release\math_crossprd.obj
c:\users\lr2214\documents\freebody-master\model v2\release\tred2.obj
c:\users\lr2214\documents\freebody-master\model v2\release\tqli.obj
c:\users\lr2214\documents\freebody-master\model v2\release\svdcmp.obj
c:\users\lr2214\documents\freebody-master\model v2\release\svbksb.obj
c:\users\lr2214\documents\freebody-master\model v2\release\struc_rot_hors_to_lcs.obj
c:\users\lr2214\documents\freebody-master\model v2\release\struc_pos_point_in_lcs.obj
c:\users\lr2214\documents\freebody-master\model v2\release\struc_pos_point_in_calib.obj
c:\users\lr2214\documents\freebody-master\model v2\release\pythag.obj
c:\users\lr2214\documents\freebody-master\model v2\release\structure.obj
c:\users\lr2214\documents\freebody-master\model v2\release\kin_vecrotate.obj
c:\users\lr2214\documents\freebody-master\model v2\release\math_landmarkmatrix.obj
c:\users\lr2214\documents\freebody-master\model v2\release\seg_rot_to_gcs.obj
c:\users\lr2214\documents\freebody-master\model v2\release\mus_wrapping.obj
c:\users\lr2214\documents\freebody-master\model v2\release\mus_upper_bound.obj
c:\users\lr2214\documents\freebody-master\model v2\release\mus_opt_values_2.obj
c:\users\lr2214\documents\freebody-master\model v2\release\mus_opt_pt_2.obj
c:\users\lr2214\documents\freebody-master\model v2\release\mus_length_change.obj
c:\users\lr2214\documents\freebody-master\model v2\release\mus_length.obj
c:\users\lr2214\documents\freebody-master\model v2\release\io_datainput.obj
c:\users\lr2214\documents\freebody-master\model v2\release\m02_01_anatomy_dataset_landmarks.obj
c:\users\lr2214\documents\freebody-master\model v2\release\m02_02_make_lcs.obj
c:\users\lr2214\documents\freebody-master\model v2\release\m02_00_create_segments.obj
c:\users\lr2214\documents\freebody-master\model v2\release\kin_rmatcalc.obj
c:\users\lr2214\documents\freebody-master\model v2\release\kin_qrotate.obj
c:\users\lr2214\documents\freebody-master\model v2\release\kin_qdot.obj
c:\users\lr2214\documents\freebody-master\model v2\release\kin_qcalc.obj
c:\users\lr2214\documents\freebody-master\model v2\release\kin_markcalc.obj
c:\users\lr2214\documents\freebody-master\model v2\release\kin_distpnts.obj
c:\users\lr2214\documents\freebody-master\model v2\release\kin_crossdisp.obj
c:\users\lr2214\documents\freebody-master\model v2\release\math_zeromatrix.obj
c:\users\lr2214\documents\freebody-master\model v2\release\math_vecnorm.obj
c:\users\lr2214\documents\freebody-master\model v2\release\math_vecmag.obj
c:\users\lr2214\documents\freebody-master\model v2\release\math_transpose.obj
c:\users\lr2214\documents\freebody-master\model v2\release\math_trace.obj
c:\users\lr2214\documents\freebody-master\model v2\release\math_skew_vec_to_matrix.obj
c:\users\lr2214\documents\freebody-master\model v2\release\math_qmply.obj
c:\users\lr2214\documents\freebody-master\model v2\release\math_qcon.obj
c:\users\lr2214\documents\freebody-master\model v2\release\math_mxmply.obj
c:\users\lr2214\documents\freebody-master\model v2\release\seg_qdotdot.obj
c:\users\lr2214\documents\freebody-master\model v2\release\seg_qdot.obj
c:\users\lr2214\documents\freebody-master\model v2\release\seg_pos_point_on_seg.obj
c:\users\lr2214\documents\freebody-master\model v2\release\seg_origindotdot.obj
c:\users\lr2214\documents\freebody-master\model v2\release\seg_origindot.obj
c:\users\lr2214\documents\freebody-master\model v2\release\seg_omega.obj
c:\users\lr2214\documents\freebody-master\model v2\release\seg_calculate_transf_lcs_to_gcs.obj
c:\users\lr2214\documents\freebody-master\model v2\release\seg_calculate_transf_cal_to_gcs.obj
c:\users\lr2214\documents\freebody-master\model v2\release\seg_alpha.obj
c:\users\lr2214\documents\freebody-master\model v2\release\seg_accn_point_on_seg.obj
c:\users\lr2214\documents\freebody-master\model v2\release\m01_03_save_raw_positions.obj
c:\users\lr2214\documents\freebody-master\model v2\release\m01_02_dans_calibration_data.obj
c:\users\lr2214\documents\freebody-master\model v2\release\m01_01_mapcoord.obj
c:\users\lr2214\documents\freebody-master\model v2\release\m01_01_dans_data_input.obj
c:\users\lr2214\documents\freebody-master\model v2\release\m01_00_data_input.obj
c:\users\lr2214\documents\freebody-master\model v2\release\writedata.obj
c:\users\lr2214\documents\freebody-master\model v2\release\readdata.obj
c:\users\lr2214\documents\freebody-master\model v2\release\io_outop.obj
c:\users\lr2214\documents\freebody-master\model v2\release\io_inop.obj
c:\users\lr2214\documents\freebody-master\model v2\release\io_dataoutput.obj
c:\users\lr2214\documents\freebody-master\model v2\release\xml_parameters.obj
c:\users\lr2214\documents\freebody-master\model v2\release\mus_lcs_to_gcs.obj
c:\users\lr2214\documents\freebody-master\model v2\release\m05_01_pick_muscle_model.obj
c:\users\lr2214\documents\freebody-master\model v2\release\m05_00_muscle_model.obj
c:\users\lr2214\documents\freebody-master\model v2\release\m04_00_inverse_dynamics.obj
c:\users\lr2214\documents\freebody-master\model v2\release\m03_05_diff_origin.obj
c:\users\lr2214\documents\freebody-master\model v2\release\m03_04_calc_linear_quantities.obj
c:\users\lr2214\documents\freebody-master\model v2\release\m03_02_calc_angular_quantities.obj
c:\users\lr2214\documents\freebody-master\model v2\release\m03_01_diff_q.obj
c:\users\lr2214\documents\freebody-master\model v2\release\m03_00_calculate_kinematics.obj
c:\users\lr2214\documents\freebody-master\model v2\release\segment.obj
c:\users\lr2214\documents\freebody-master\model v2\release\seg_vel_point_on_seg.obj
c:\users\lr2214\documents\freebody-master\model v2\release\seg_solve_wrench_eqns.obj
c:\users\lr2214\documents\freebody-master\release\freebody 2.1.exe
c:\users\lr2214\documents\freebody-master\release\freebody 2.1.ipdb
c:\users\lr2214\documents\freebody-master\release\freebody 2.1.iobj
c:\users\lr2214\documents\freebody-master\release\freebody 2.1.pdb
c:\users\lr2214\documents\freebody-master\model v2\release\model v2.tlog\cl.command.1.tlog
c:\users\lr2214\documents\freebody-master\model v2\release\model v2.tlog\cl.read.1.tlog
c:\users\lr2214\documents\freebody-master\model v2\release\model v2.tlog\cl.write.1.tlog
c:\users\lr2214\documents\freebody-master\model v2\release\model v2.tlog\link.command.1.tlog
c:\users\lr2214\documents\freebody-master\model v2\release\model v2.tlog\link.read.1.tlog
c:\users\lr2214\documents\freebody-master\model v2\release\model v2.tlog\link.write.1.tlog
